#
# A fatal error has been detected by the Java Runtime Environment:
#
#  EXCEPTION_ACCESS_VIOLATION (0xc0000005) at pc=0x000007fefc22aa7d, pid=5060, tid=5308
#
# JRE version: Java(TM) SE Runtime Environment (8.0_51-b16) (build 1.8.0_51-b16)
# Java VM: Java HotSpot(TM) 64-Bit Server VM (25.51-b03 mixed mode windows-amd64 compressed oops)
# Problematic frame:
# C  [KERNELBASE.dll+0xaa7d]
#
# Failed to write core dump. Minidumps are not enabled by default on client versions of Windows
#
# If you would like to submit a bug report, please visit:
#   http://bugreport.java.com/bugreport/crash.jsp
# The crash happened outside the Java Virtual Machine in native code.
# See problematic frame for where to report the bug.
#

---------------  T H R E A D  ---------------

Current thread (0x0000000057500800):  JavaThread "RMI TCP Connection(3)-127.0.0.1" daemon [_thread_in_native, id=5308, stack(0x00000000690a0000,0x00000000691a0000)]

siginfo: ExceptionCode=0xc0000005, reading address 0x0000000000000000

Registers:
RAX=0x000000001ec1f2c2, RBX=0x000000006919c6d0, RCX=0x000000006919a350, RDX=0x0000000000002240
RSP=0x000000006919a960, RBP=0x000000006919aff0, RSI=0x000000006919cbc0, RDI=0x000000006919b750
R8 =0x0000000000000000, R9 =0x0000000000000000, R10=0x0000000000092888, R11=0x000000006919a9a0
R12=0x000000006919bda8, R13=0x0000000000000000, R14=0x000000006919aaa0, R15=0x000007feeac14c20
RIP=0x000007fefc22aa7d, EFLAGS=0x0000000000000202

Top of Stack: (sp=0x000000006919a960)
0x000000006919a960:   000000006919c6d0 000000006919cbc0
0x000000006919a970:   000000006919b750 00000000575c3570
0x000000006919a980:   00000000c0000005 0000000000000000
0x000000006919a990:   000007fefc22aa7d 0000000000000002
0x000000006919a9a0:   0000000000000000 0000000000000000
0x000000006919a9b0:   0000000000000000 0000000000000000
0x000000006919a9c0:   000000006919ce30 000000006d0920da
0x000000006919a9d0:   0000000000000000 000000006919c6d0
0x000000006919a9e0:   000000006919b750 0000000000000000
0x000000006919a9f0:   000000006919b750 000000006d0920fb
0x000000006919aa00:   000000006919c6d0 000000006919ce30
0x000000006919aa10:   000000006919ce30 0000000000000000
0x000000006919aa20:   000000006919c6d0 000000006d0d04d6
0x000000006919aa30:   000007feeac14c20 000000006919bda8
0x000000006919aa40:   0000000000000100 0000000000000000
0x000000006919aa50:   0000000000000001 000000006919a8b0 

Instructions: (pc=0x000007fefc22aa7d)
0x000007fefc22aa5d:   54 24 24 48 89 4c 24 28 4d 85 c9 0f 85 30 02 01
0x000007fefc22aa6d:   00 89 4c 24 38 48 8d 4c 24 20 ff 15 43 f8 03 00
0x000007fefc22aa7d:   48 81 c4 c8 00 00 00 c3 90 90 90 90 90 90 90 90
0x000007fefc22aa8d:   90 90 90 48 83 ec 48 83 f9 08 0f 8d 42 6a 01 00 


Register to memory mapping:

RAX=0x000000001ec1f2c2 is an unknown value
RBX=0x000000006919c6d0 is pointing into the stack for thread: 0x0000000057500800
RCX=0x000000006919a350 is pointing into the stack for thread: 0x0000000057500800
RDX=0x0000000000002240 is an unknown value
RSP=0x000000006919a960 is pointing into the stack for thread: 0x0000000057500800
RBP=0x000000006919aff0 is pointing into the stack for thread: 0x0000000057500800
RSI=0x000000006919cbc0 is pointing into the stack for thread: 0x0000000057500800
RDI=0x000000006919b750 is pointing into the stack for thread: 0x0000000057500800
R8 =0x0000000000000000 is an unknown value
R9 =0x0000000000000000 is an unknown value
R10=0x0000000000092888 is an unknown value
R11=0x000000006919a9a0 is pointing into the stack for thread: 0x0000000057500800
R12=0x000000006919bda8 is pointing into the stack for thread: 0x0000000057500800
R13=0x0000000000000000 is an unknown value
R14=0x000000006919aaa0 is pointing into the stack for thread: 0x0000000057500800
R15=0x000007feeac14c20 is an unknown value


Stack: [0x00000000690a0000,0x00000000691a0000],  sp=0x000000006919a960,  free space=1002k
Native frames: (J=compiled Java code, j=interpreted, Vv=VM code, C=native code)
C  [KERNELBASE.dll+0xaa7d]
C  [msvcr100.dll+0x604d6]
C  [ntdll.dll+0x4f851]
C  [opencv_highgui248.dll+0x16ea9]
C  [opencv_highgui248.dll+0x12ef]
C  [jniopencv_highgui.dll+0x69a0]
C  0x0000000002775854

Java frames: (J=compiled Java code, j=interpreted, Vv=VM code)
j  com.googlecode.javacv.cpp.opencv_highgui.cvCreateCameraCapture(I)Lcom/googlecode/javacv/cpp/opencv_highgui$CvCapture;+0
j  Main.ChatServerImpl.image()Ljavax/swing/ImageIcon;+5
j  sun.reflect.GeneratedMethodAccessor1.invoke(Ljava/lang/Object;[Ljava/lang/Object;)Ljava/lang/Object;+36
j  sun.reflect.DelegatingMethodAccessorImpl.invoke(Ljava/lang/Object;[Ljava/lang/Object;)Ljava/lang/Object;+6
j  java.lang.reflect.Method.invoke(Ljava/lang/Object;[Ljava/lang/Object;)Ljava/lang/Object;+56
j  sun.rmi.server.UnicastServerRef.dispatch(Ljava/rmi/Remote;Ljava/rmi/server/RemoteCall;)V+242
j  sun.rmi.transport.Transport$1.run()Ljava/lang/Void;+23
j  sun.rmi.transport.Transport$1.run()Ljava/lang/Object;+1
v  ~StubRoutines::call_stub
J 930  java.security.AccessController.doPrivileged(Ljava/security/PrivilegedExceptionAction;Ljava/security/AccessControlContext;)Ljava/lang/Object; (0 bytes) @ 0x0000000002a6b5e6 [0x0000000002a6b580+0x66]
j  sun.rmi.transport.Transport.serviceCall(Ljava/rmi/server/RemoteCall;)Z+157
j  sun.rmi.transport.tcp.TCPTransport.handleMessages(Lsun/rmi/transport/Connection;Z)V+185
j  sun.rmi.transport.tcp.TCPTransport$ConnectionHandler.run0()V+685
j  sun.rmi.transport.tcp.TCPTransport$ConnectionHandler.lambda$run$255()Ljava/lang/Void;+1
j  sun.rmi.transport.tcp.TCPTransport$ConnectionHandler$$Lambda$15.run()Ljava/lang/Object;+4
v  ~StubRoutines::call_stub
J 941  java.security.AccessController.doPrivileged(Ljava/security/PrivilegedAction;Ljava/security/AccessControlContext;)Ljava/lang/Object; (0 bytes) @ 0x0000000002a87466 [0x0000000002a87400+0x66]
j  sun.rmi.transport.tcp.TCPTransport$ConnectionHandler.run()V+58
j  java.util.concurrent.ThreadPoolExecutor.runWorker(Ljava/util/concurrent/ThreadPoolExecutor$Worker;)V+95
j  java.util.concurrent.ThreadPoolExecutor$Worker.run()V+5
j  java.lang.Thread.run()V+11
v  ~StubRoutines::call_stub

---------------  P R O C E S S  ---------------

Java Threads: ( => current thread )
=>0x0000000057500800 JavaThread "RMI TCP Connection(3)-127.0.0.1" daemon [_thread_in_native, id=5308, stack(0x00000000690a0000,0x00000000691a0000)]
  0x00000000574ff800 JavaThread "RMI TCP Connection(2)-127.0.0.1" daemon [_thread_in_native, id=4108, stack(0x0000000058420000,0x0000000058520000)]
  0x0000000056790800 JavaThread "RMI Scheduler(0)" daemon [_thread_blocked, id=1416, stack(0x00000000582a0000,0x00000000583a0000)]
  0x00000000574e9000 JavaThread "RMI TCP Connection(1)-127.0.0.1" daemon [_thread_in_native, id=4248, stack(0x0000000058100000,0x0000000058200000)]
  0x00000000577e2800 JavaThread "GC Daemon" daemon [_thread_blocked, id=2160, stack(0x000000005a7b0000,0x000000005a8b0000)]
  0x0000000057761000 JavaThread "RMI Reaper" [_thread_blocked, id=1780, stack(0x000000005a530000,0x000000005a630000)]
  0x0000000057760800 JavaThread "RMI TCP Accept-0" daemon [_thread_in_native, id=1148, stack(0x000000005a400000,0x000000005a500000)]
  0x000000005756a000 JavaThread "RMI TCP Accept-1099" daemon [_thread_in_native, id=2484, stack(0x0000000059fe0000,0x000000005a0e0000)]
  0x000000005763a000 JavaThread "TimerQueue" daemon [_thread_blocked, id=4240, stack(0x0000000059c40000,0x0000000059d40000)]
  0x0000000001dae800 JavaThread "DestroyJavaVM" [_thread_blocked, id=4208, stack(0x0000000002390000,0x0000000002490000)]
  0x000000005745d000 JavaThread "AWT-EventQueue-0" [_thread_blocked, id=2736, stack(0x00000000586a0000,0x00000000587a0000)]
  0x00000000573d0800 JavaThread "AWT-Windows" daemon [_thread_in_native, id=4168, stack(0x0000000057fe0000,0x00000000580e0000)]
  0x00000000573cd800 JavaThread "AWT-Shutdown" [_thread_blocked, id=4984, stack(0x0000000057e40000,0x0000000057f40000)]
  0x00000000573ca800 JavaThread "Java2D Disposer" daemon [_thread_blocked, id=4356, stack(0x0000000057c60000,0x0000000057d60000)]
  0x0000000056446800 JavaThread "Service Thread" daemon [_thread_blocked, id=4684, stack(0x0000000057120000,0x0000000057220000)]
  0x00000000563cd800 JavaThread "C1 CompilerThread2" daemon [_thread_blocked, id=3896, stack(0x0000000056e90000,0x0000000056f90000)]
  0x00000000550fb000 JavaThread "C2 CompilerThread1" daemon [_thread_blocked, id=4916, stack(0x0000000056c60000,0x0000000056d60000)]
  0x00000000563c7800 JavaThread "C2 CompilerThread0" daemon [_thread_blocked, id=4660, stack(0x0000000056b60000,0x0000000056c60000)]
  0x00000000563c3000 JavaThread "Attach Listener" daemon [_thread_blocked, id=224, stack(0x00000000569e0000,0x0000000056ae0000)]
  0x00000000563c2800 JavaThread "Signal Dispatcher" daemon [_thread_blocked, id=2164, stack(0x0000000056810000,0x0000000056910000)]
  0x0000000055097800 JavaThread "Finalizer" daemon [_thread_blocked, id=4516, stack(0x00000000562c0000,0x00000000563c0000)]
  0x0000000055090800 JavaThread "Reference Handler" daemon [_thread_blocked, id=1472, stack(0x0000000056140000,0x0000000056240000)]

Other Threads:
  0x000000005508b000 VMThread [stack: 0x0000000055f50000,0x0000000056050000] [id=404]
  0x000000005644c000 WatcherThread [stack: 0x0000000057290000,0x0000000057390000] [id=3056]

VM state:not at safepoint (normal execution)

VM Mutex/Monitor currently owned by a thread: None

Heap:
 PSYoungGen      total 19456K, used 3793K [0x00000000eb500000, 0x00000000ed900000, 0x0000000100000000)
  eden space 14336K, 10% used [0x00000000eb500000,0x00000000eb67f590,0x00000000ec300000)
  from space 5120K, 44% used [0x00000000ec780000,0x00000000ec9b5020,0x00000000ecc80000)
  to   space 4608K, 0% used [0x00000000ec300000,0x00000000ec300000,0x00000000ec780000)
 ParOldGen       total 44032K, used 6467K [0x00000000c1e00000, 0x00000000c4900000, 0x00000000eb500000)
  object space 44032K, 14% used [0x00000000c1e00000,0x00000000c2450c38,0x00000000c4900000)
 Metaspace       used 15759K, capacity 15930K, committed 16256K, reserved 1062912K
  class space    used 1993K, capacity 2067K, committed 2176K, reserved 1048576K

Card table byte_map: [0x0000000011b20000,0x0000000011d20000] byte_map_base: 0x0000000011511000

Marking Bits: (ParMarkBitMap*) 0x000000006bf94040
 Begin Bits: [0x00000000125f0000, 0x0000000013578000)
 End Bits:   [0x0000000013578000, 0x0000000014500000)

Polling page: 0x0000000000540000

CodeCache: size=245760Kb used=3793Kb max_used=3793Kb free=241966Kb
 bounds [0x0000000002760000, 0x0000000002b20000, 0x0000000011760000]
 total_blobs=1671 nmethods=1119 adapters=466
 compilation: enabled

Compilation events (10 events):
Event: 22.571 Thread 0x00000000563cd800 1110       3       java.rmi.server.ObjID::equals (46 bytes)
Event: 22.571 Thread 0x00000000563cd800 nmethod 1110 0x0000000002b12c90 code [0x0000000002b12e20, 0x0000000002b132e8]
Event: 22.582 Thread 0x00000000563cd800 1111       3       sun.rmi.transport.tcp.TCPConnection::getOutputStream (30 bytes)
Event: 22.583 Thread 0x00000000563cd800 nmethod 1111 0x0000000002b13410 code [0x0000000002b135c0, 0x0000000002b13b08]
Event: 22.583 Thread 0x00000000563cd800 1112       1       sun.rmi.transport.Target::getDispatcher (5 bytes)
Event: 22.583 Thread 0x00000000563cd800 nmethod 1112 0x0000000002b13e10 code [0x0000000002b13f60, 0x0000000002b14070]
Event: 22.583 Thread 0x00000000563cd800 1113       1       sun.rmi.transport.Target::getAccessControlContext (5 bytes)
Event: 22.583 Thread 0x00000000563cd800 nmethod 1113 0x0000000002b140d0 code [0x0000000002b14220, 0x0000000002b14330]
Event: 22.583 Thread 0x00000000563cd800 1114       1       sun.rmi.transport.Target::getContextClassLoader (5 bytes)
Event: 22.583 Thread 0x00000000563cd800 nmethod 1114 0x0000000002b14390 code [0x0000000002b144e0, 0x0000000002b145f0]

GC Heap History (10 events):
Event: 17.109 GC heap before
{Heap before GC invocations=5 (full 1):
 PSYoungGen      total 18944K, used 18932K [0x00000000eb500000, 0x00000000eca00000, 0x0000000100000000)
  eden space 16384K, 100% used [0x00000000eb500000,0x00000000ec500000,0x00000000ec500000)
  from space 2560K, 99% used [0x00000000ec500000,0x00000000ec77d020,0x00000000ec780000)
  to   space 2560K, 0% used [0x00000000ec780000,0x00000000ec780000,0x00000000eca00000)
 ParOldGen       total 44032K, used 5197K [0x00000000c1e00000, 0x00000000c4900000, 0x00000000eb500000)
  object space 44032K, 11% used [0x00000000c1e00000,0x00000000c23134e8,0x00000000c4900000)
 Metaspace       used 15729K, capacity 15922K, committed 16256K, reserved 1062912K
  class space    used 1993K, capacity 2067K, committed 2176K, reserved 1048576K
Event: 17.112 GC heap after
Heap after GC invocations=5 (full 1):
 PSYoungGen      total 18944K, used 2548K [0x00000000eb500000, 0x00000000eca00000, 0x0000000100000000)
  eden space 16384K, 0% used [0x00000000eb500000,0x00000000eb500000,0x00000000ec500000)
  from space 2560K, 99% used [0x00000000ec780000,0x00000000ec9fd020,0x00000000eca00000)
  to   space 2560K, 0% used [0x00000000ec500000,0x00000000ec500000,0x00000000ec780000)
 ParOldGen       total 44032K, used 6097K [0x00000000c1e00000, 0x00000000c4900000, 0x00000000eb500000)
  object space 44032K, 13% used [0x00000000c1e00000,0x00000000c23f44f8,0x00000000c4900000)
 Metaspace       used 15729K, capacity 15922K, committed 16256K, reserved 1062912K
  class space    used 1993K, capacity 2067K, committed 2176K, reserved 1048576K
}
Event: 17.904 GC heap before
{Heap before GC invocations=6 (full 1):
 PSYoungGen      total 18944K, used 18932K [0x00000000eb500000, 0x00000000eca00000, 0x0000000100000000)
  eden space 16384K, 100% used [0x00000000eb500000,0x00000000ec500000,0x00000000ec500000)
  from space 2560K, 99% used [0x00000000ec780000,0x00000000ec9fd020,0x00000000eca00000)
  to   space 2560K, 0% used [0x00000000ec500000,0x00000000ec500000,0x00000000ec780000)
 ParOldGen       total 44032K, used 6097K [0x00000000c1e00000, 0x00000000c4900000, 0x00000000eb500000)
  object space 44032K, 13% used [0x00000000c1e00000,0x00000000c23f44f8,0x00000000c4900000)
 Metaspace       used 15732K, capacity 15922K, committed 16256K, reserved 1062912K
  class space    used 1993K, capacity 2067K, committed 2176K, reserved 1048576K
Event: 17.906 GC heap after
Heap after GC invocations=6 (full 1):
 PSYoungGen      total 18944K, used 2548K [0x00000000eb500000, 0x00000000eca00000, 0x0000000100000000)
  eden space 16384K, 0% used [0x00000000eb500000,0x00000000eb500000,0x00000000ec500000)
  from space 2560K, 99% used [0x00000000ec500000,0x00000000ec77d020,0x00000000ec780000)
  to   space 2560K, 0% used [0x00000000ec780000,0x00000000ec780000,0x00000000eca00000)
 ParOldGen       total 44032K, used 6097K [0x00000000c1e00000, 0x00000000c4900000, 0x00000000eb500000)
  object space 44032K, 13% used [0x00000000c1e00000,0x00000000c23f44f8,0x00000000c4900000)
 Metaspace       used 15732K, capacity 15922K, committed 16256K, reserved 1062912K
  class space    used 1993K, capacity 2067K, committed 2176K, reserved 1048576K
}
Event: 18.228 GC heap before
{Heap before GC invocations=7 (full 1):
 PSYoungGen      total 18944K, used 18932K [0x00000000eb500000, 0x00000000eca00000, 0x0000000100000000)
  eden space 16384K, 100% used [0x00000000eb500000,0x00000000ec500000,0x00000000ec500000)
  from space 2560K, 99% used [0x00000000ec500000,0x00000000ec77d020,0x00000000ec780000)
  to   space 2560K, 0% used [0x00000000ec780000,0x00000000ec780000,0x00000000eca00000)
 ParOldGen       total 44032K, used 6097K [0x00000000c1e00000, 0x00000000c4900000, 0x00000000eb500000)
  object space 44032K, 13% used [0x00000000c1e00000,0x00000000c23f44f8,0x00000000c4900000)
 Metaspace       used 15732K, capacity 15922K, committed 16256K, reserved 1062912K
  class space    used 1993K, capacity 2067K, committed 2176K, reserved 1048576K
Event: 18.231 GC heap after
Heap after GC invocations=7 (full 1):
 PSYoungGen      total 16384K, used 416K [0x00000000eb500000, 0x00000000ecf00000, 0x0000000100000000)
  eden space 13824K, 0% used [0x00000000eb500000,0x00000000eb500000,0x00000000ec280000)
  from space 2560K, 16% used [0x00000000ec780000,0x00000000ec7e8000,0x00000000eca00000)
  to   space 5120K, 0% used [0x00000000ec280000,0x00000000ec280000,0x00000000ec780000)
 ParOldGen       total 44032K, used 6097K [0x00000000c1e00000, 0x00000000c4900000, 0x00000000eb500000)
  object space 44032K, 13% used [0x00000000c1e00000,0x00000000c23f44f8,0x00000000c4900000)
 Metaspace       used 15732K, capacity 15922K, committed 16256K, reserved 1062912K
  class space    used 1993K, capacity 2067K, committed 2176K, reserved 1048576K
}
Event: 18.380 GC heap before
{Heap before GC invocations=8 (full 1):
 PSYoungGen      total 16384K, used 14240K [0x00000000eb500000, 0x00000000ecf00000, 0x0000000100000000)
  eden space 13824K, 100% used [0x00000000eb500000,0x00000000ec280000,0x00000000ec280000)
  from space 2560K, 16% used [0x00000000ec780000,0x00000000ec7e8000,0x00000000eca00000)
  to   space 5120K, 0% used [0x00000000ec280000,0x00000000ec280000,0x00000000ec780000)
 ParOldGen       total 44032K, used 6097K [0x00000000c1e00000, 0x00000000c4900000, 0x00000000eb500000)
  object space 44032K, 13% used [0x00000000c1e00000,0x00000000c23f44f8,0x00000000c4900000)
 Metaspace       used 15733K, capacity 15922K, committed 16256K, reserved 1062912K
  class space    used 1993K, capacity 2067K, committed 2176K, reserved 1048576K
Event: 18.382 GC heap after
Heap after GC invocations=8 (full 1):
 PSYoungGen      total 18944K, used 2548K [0x00000000eb500000, 0x00000000ecc80000, 0x0000000100000000)
  eden space 13824K, 0% used [0x00000000eb500000,0x00000000eb500000,0x00000000ec280000)
  from space 5120K, 49% used [0x00000000ec280000,0x00000000ec4fd020,0x00000000ec780000)
  to   space 5120K, 0% used [0x00000000ec780000,0x00000000ec780000,0x00000000ecc80000)
 ParOldGen       total 44032K, used 6097K [0x00000000c1e00000, 0x00000000c4900000, 0x00000000eb500000)
  object space 44032K, 13% used [0x00000000c1e00000,0x00000000c23f44f8,0x00000000c4900000)
 Metaspace       used 15733K, capacity 15922K, committed 16256K, reserved 1062912K
  class space    used 1993K, capacity 2067K, committed 2176K, reserved 1048576K
}
Event: 18.548 GC heap before
{Heap before GC invocations=9 (full 1):
 PSYoungGen      total 18944K, used 16372K [0x00000000eb500000, 0x00000000ecc80000, 0x0000000100000000)
  eden space 13824K, 100% used [0x00000000eb500000,0x00000000ec280000,0x00000000ec280000)
  from space 5120K, 49% used [0x00000000ec280000,0x00000000ec4fd020,0x00000000ec780000)
  to   space 5120K, 0% used [0x00000000ec780000,0x00000000ec780000,0x00000000ecc80000)
 ParOldGen       total 44032K, used 6097K [0x00000000c1e00000, 0x00000000c4900000, 0x00000000eb500000)
  object space 44032K, 13% used [0x00000000c1e00000,0x00000000c23f44f8,0x00000000c4900000)
 Metaspace       used 15733K, capacity 15922K, committed 16256K, reserved 1062912K
  class space    used 1993K, capacity 2067K, committed 2176K, reserved 1048576K
Event: 18.568 GC heap after
Heap after GC invocations=9 (full 1):
 PSYoungGen      total 19456K, used 2260K [0x00000000eb500000, 0x00000000ed900000, 0x0000000100000000)
  eden space 14336K, 0% used [0x00000000eb500000,0x00000000eb500000,0x00000000ec300000)
  from space 5120K, 44% used [0x00000000ec780000,0x00000000ec9b5020,0x00000000ecc80000)
  to   space 4608K, 0% used [0x00000000ec300000,0x00000000ec300000,0x00000000ec780000)
 ParOldGen       total 44032K, used 6467K [0x00000000c1e00000, 0x00000000c4900000, 0x00000000eb500000)
  object space 44032K, 14% used [0x00000000c1e00000,0x00000000c2450c38,0x00000000c4900000)
 Metaspace       used 15733K, capacity 15922K, committed 16256K, reserved 1062912K
  class space    used 1993K, capacity 2067K, committed 2176K, reserved 1048576K
}

Deoptimization events (10 events):
Event: 1.367 Thread 0x000000005745d000 Uncommon trap: reason=class_check action=maybe_recompile pc=0x000000000296723c method=java.util.HashMap.putVal(ILjava/lang/Object;Ljava/lang/Object;ZZ)Ljava/lang/Object; @ 253
Event: 1.367 Thread 0x000000005745d000 Uncommon trap: reason=class_check action=maybe_recompile pc=0x000000000296723c method=java.util.HashMap.putVal(ILjava/lang/Object;Ljava/lang/Object;ZZ)Ljava/lang/Object; @ 253
Event: 1.367 Thread 0x000000005745d000 Uncommon trap: reason=class_check action=maybe_recompile pc=0x000000000296723c method=java.util.HashMap.putVal(ILjava/lang/Object;Ljava/lang/Object;ZZ)Ljava/lang/Object; @ 253
Event: 1.367 Thread 0x000000005745d000 Uncommon trap: reason=class_check action=maybe_recompile pc=0x000000000296723c method=java.util.HashMap.putVal(ILjava/lang/Object;Ljava/lang/Object;ZZ)Ljava/lang/Object; @ 253
Event: 1.367 Thread 0x000000005745d000 Uncommon trap: reason=class_check action=maybe_recompile pc=0x0000000002961fdc method=java.util.HashMap.putVal(ILjava/lang/Object;Ljava/lang/Object;ZZ)Ljava/lang/Object; @ 253
Event: 10.723 Thread 0x00000000574ff800 Uncommon trap: reason=unstable_if action=reinterpret pc=0x0000000002ad010c method=java.awt.image.ComponentColorModel.getRGB(Ljava/lang/Object;)I @ 4
Event: 11.444 Thread 0x00000000574ff800 Uncommon trap: reason=unstable_if action=reinterpret pc=0x0000000002ad202c method=java.awt.image.ComponentColorModel.getRGB(Ljava/lang/Object;)I @ 4
Event: 11.505 Thread 0x00000000574ff800 Uncommon trap: reason=unstable_if action=reinterpret pc=0x0000000002ae9600 method=sun.awt.image.OffScreenImageSource.sendPixels()V @ 663
Event: 11.517 Thread 0x00000000574ff800 Uncommon trap: reason=unstable_if action=reinterpret pc=0x0000000002adb158 method=java.io.ObjectOutputStream$BlockDataOutputStream.writeInts([III)V @ 13
Event: 12.065 Thread 0x00000000574ff800 Uncommon trap: reason=unstable_if action=reinterpret pc=0x0000000002aefbc0 method=sun.awt.image.OffScreenImageSource.sendPixels()V @ 663

Internal exceptions (10 events):
Event: 0.341 Thread 0x0000000001dae800 Exception <a 'java/lang/ClassNotFoundException': javax/swing/JToolBarSeparator> (0x00000000eb934de0) thrown at [C:\re\workspace\8-2-build-windows-amd64-cygwin\jdk8u51\3951\hotspot\src\share\vm\classfile\systemDictionary.cpp, line 210]
Event: 0.341 Thread 0x0000000001dae800 Exception <a 'java/lang/ClassNotFoundException': ToolBarSeparator> (0x00000000eb935220) thrown at [C:\re\workspace\8-2-build-windows-amd64-cygwin\jdk8u51\3951\hotspot\src\share\vm\classfile\systemDictionary.cpp, line 210]
Event: 0.341 Thread 0x0000000001dae800 Exception <a 'java/lang/ClassNotFoundException': ToolTip> (0x00000000eb935908) thrown at [C:\re\workspace\8-2-build-windows-amd64-cygwin\jdk8u51\3951\hotspot\src\share\vm\classfile\systemDictionary.cpp, line 210]
Event: 0.342 Thread 0x0000000001dae800 Exception <a 'java/lang/ClassNotFoundException': Tree> (0x00000000eb9364d0) thrown at [C:\re\workspace\8-2-build-windows-amd64-cygwin\jdk8u51\3951\hotspot\src\share\vm\classfile\systemDictionary.cpp, line 210]
Event: 0.342 Thread 0x0000000001dae800 Exception <a 'java/lang/ClassNotFoundException': Tree> (0x00000000eb936bb8) thrown at [C:\re\workspace\8-2-build-windows-amd64-cygwin\jdk8u51\3951\hotspot\src\share\vm\classfile\systemDictionary.cpp, line 210]
Event: 0.342 Thread 0x0000000001dae800 Exception <a 'java/lang/ClassNotFoundException': javax/swing/JTreeCell> (0x00000000eb936ee0) thrown at [C:\re\workspace\8-2-build-windows-amd64-cygwin\jdk8u51\3951\hotspot\src\share\vm\classfile\systemDictionary.cpp, line 210]
Event: 0.342 Thread 0x0000000001dae800 Exception <a 'java/lang/ClassNotFoundException': TreeCell> (0x00000000eb937310) thrown at [C:\re\workspace\8-2-build-windows-amd64-cygwin\jdk8u51\3951\hotspot\src\share\vm\classfile\systemDictionary.cpp, line 210]
Event: 0.342 Thread 0x0000000001dae800 Exception <a 'java/lang/ClassNotFoundException': RootPane> (0x00000000eb937d18) thrown at [C:\re\workspace\8-2-build-windows-amd64-cygwin\jdk8u51\3951\hotspot\src\share\vm\classfile\systemDictionary.cpp, line 210]
Event: 5.690 Thread 0x00000000574ff800 Exception <a 'java/lang/NoSuchMethodError': <clinit>> (0x00000000eb6eb208) thrown at [C:\re\workspace\8-2-build-windows-amd64-cygwin\jdk8u51\3951\hotspot\src\share\vm\prims\jni.cpp, line 1598]
Event: 10.084 Thread 0x00000000574ff800 Exception <a 'java/lang/NoSuchMethodError': <clinit>> (0x00000000ebdb68c0) thrown at [C:\re\workspace\8-2-build-windows-amd64-cygwin\jdk8u51\3951\hotspot\src\share\vm\prims\jni.cpp, line 1598]

Events (10 events):
Event: 17.906 Executing VM operation: ParallelGCFailedAllocation done
Event: 18.228 Executing VM operation: ParallelGCFailedAllocation
Event: 18.231 Executing VM operation: ParallelGCFailedAllocation done
Event: 18.380 Executing VM operation: ParallelGCFailedAllocation
Event: 18.382 Executing VM operation: ParallelGCFailedAllocation done
Event: 18.545 Executing VM operation: ParallelGCFailedAllocation
Event: 18.568 Executing VM operation: ParallelGCFailedAllocation done
Event: 22.567 Thread 0x0000000057500800 Thread added: 0x0000000057500800
Event: 22.567 Executing VM operation: RevokeBias
Event: 22.567 Executing VM operation: RevokeBias done


Dynamic libraries:
0x000000013fff0000 - 0x0000000140027000 	C:\Program Files\Java\jdk1.8.0_51\bin\java.exe
0x00000000774e0000 - 0x000000007768b000 	C:\Windows\SYSTEM32\ntdll.dll
0x000007fef5060000 - 0x000007fef5092000 	C:\Program Files (x86)\AVG\AVG2015\avghooka.dll
0x00000000772c0000 - 0x00000000773df000 	C:\Windows\system32\kernel32.dll
0x000007fefc220000 - 0x000007fefc28b000 	C:\Windows\system32\KERNELBASE.dll
0x000007fefc5c0000 - 0x000007fefc69b000 	C:\Windows\system32\ADVAPI32.dll
0x000007fefe190000 - 0x000007fefe22f000 	C:\Windows\system32\msvcrt.dll
0x000007fefe060000 - 0x000007fefe07f000 	C:\Windows\SYSTEM32\sechost.dll
0x000007fefdb70000 - 0x000007fefdc9e000 	C:\Windows\system32\RPCRT4.dll
0x0000000000330000 - 0x000000000042a000 	C:\Windows\system32\USER32.dll
0x000007fefde50000 - 0x000007fefdeb7000 	C:\Windows\system32\GDI32.dll
0x000007fefe180000 - 0x000007fefe18e000 	C:\Windows\system32\LPK.dll
0x000007fefd430000 - 0x000007fefd4fa000 	C:\Windows\system32\USP10.dll
0x000007fefabf0000 - 0x000007fefade4000 	C:\Windows\WinSxS\amd64_microsoft.windows.common-controls_6595b64144ccf1df_6.0.7600.16385_none_fa645303170382f6\COMCTL32.dll
0x000007fefdef0000 - 0x000007fefdf61000 	C:\Windows\system32\SHLWAPI.dll
0x000007fefdec0000 - 0x000007fefdeee000 	C:\Windows\system32\IMM32.DLL
0x000007fefe230000 - 0x000007fefe339000 	C:\Windows\system32\MSCTF.dll
0x000000006d070000 - 0x000000006d142000 	C:\Program Files\Java\jdk1.8.0_51\jre\bin\msvcr100.dll
0x000000006b790000 - 0x000000006c013000 	C:\Program Files\Java\jdk1.8.0_51\jre\bin\server\jvm.dll
0x000007feec680000 - 0x000007feec689000 	C:\Windows\system32\WSOCK32.dll
0x000007fefdf70000 - 0x000007fefdfbd000 	C:\Windows\system32\WS2_32.dll
0x000007fefe170000 - 0x000007fefe178000 	C:\Windows\system32\NSI.dll
0x000007fef88d0000 - 0x000007fef890b000 	C:\Windows\system32\WINMM.dll
0x000007fefb280000 - 0x000007fefb28c000 	C:\Windows\system32\VERSION.dll
0x00000000776b0000 - 0x00000000776b7000 	C:\Windows\system32\PSAPI.DLL
0x000000006d1e0000 - 0x000000006d1ef000 	C:\Program Files\Java\jdk1.8.0_51\jre\bin\verify.dll
0x000000006d1b0000 - 0x000000006d1d9000 	C:\Program Files\Java\jdk1.8.0_51\jre\bin\java.dll
0x000000006d190000 - 0x000000006d1a6000 	C:\Program Files\Java\jdk1.8.0_51\jre\bin\zip.dll
0x000007fefc6a0000 - 0x000007fefd426000 	C:\Windows\system32\SHELL32.dll
0x000007fefd500000 - 0x000007fefd701000 	C:\Windows\system32\ole32.dll
0x000007fefc110000 - 0x000007fefc11f000 	C:\Windows\system32\profapi.dll
0x000000006ced0000 - 0x000000006d068000 	C:\Program Files\Java\jdk1.8.0_51\jre\bin\awt.dll
0x000007fefc4e0000 - 0x000007fefc5b7000 	C:\Windows\system32\OLEAUT32.dll
0x000007fefa9f0000 - 0x000007fefaa46000 	C:\Windows\system32\uxtheme.dll
0x000007fefa4f0000 - 0x000007fefa508000 	C:\Windows\system32\dwmapi.dll
0x000007fefc000000 - 0x000007fefc00f000 	C:\Windows\system32\CRYPTBASE.dll
0x000000006ce80000 - 0x000000006cec7000 	C:\Program Files\Java\jdk1.8.0_51\jre\bin\fontmanager.dll
0x000007fefdfc0000 - 0x000007fefe059000 	C:\Windows\system32\CLBCatQ.DLL
0x000007fefa360000 - 0x000007fefa48a000 	C:\Windows\system32\WindowsCodecs.dll
0x000007fefbfa0000 - 0x000007fefbff7000 	C:\Windows\system32\apphelp.dll
0x000007fef7cf0000 - 0x000007fef7cf9000 	C:\Program Files (x86)\Internet Download Manager\IDMShellExt64.dll
0x000007fef7c60000 - 0x000007fef7c95000 	C:\Windows\system32\EhStorShell.dll
0x000007fefd970000 - 0x000007fefdb47000 	C:\Windows\system32\SETUPAPI.dll
0x000007fefc290000 - 0x000007fefc2c6000 	C:\Windows\system32\CFGMGR32.dll
0x000007fefc1c0000 - 0x000007fefc1da000 	C:\Windows\system32\DEVOBJ.dll
0x000007fefaa50000 - 0x000007fefab7c000 	C:\Windows\system32\PROPSYS.dll
0x000007fef7be0000 - 0x000007fef7c60000 	C:\Windows\system32\ntshrui.dll
0x000007fefbe90000 - 0x000007fefbeb3000 	C:\Windows\system32\srvcli.dll
0x000007fef7bd0000 - 0x000007fef7bdf000 	C:\Windows\system32\cscapi.dll
0x000007fefa280000 - 0x000007fefa28b000 	C:\Windows\system32\slc.dll
0x000000006d170000 - 0x000000006d18a000 	C:\Program Files\Java\jdk1.8.0_51\jre\bin\net.dll
0x000007fefb940000 - 0x000007fefb994000 	C:\Windows\system32\mswsock.dll
0x000007fefb930000 - 0x000007fefb937000 	C:\Windows\System32\wship6.dll
0x000000006d150000 - 0x000000006d161000 	C:\Program Files\Java\jdk1.8.0_51\jre\bin\nio.dll
0x000000006cd80000 - 0x000000006cdc2000 	C:\Program Files\Java\jdk1.8.0_51\jre\bin\t2k.dll
0x000000006d370000 - 0x000000006d39a000 	C:\Program Files\Java\jdk1.8.0_51\jre\bin\dcpr.dll
0x000007fefb9a0000 - 0x000007fefb9b7000 	C:\Windows\system32\CRYPTSP.dll
0x000007fefb6a0000 - 0x000007fefb6e7000 	C:\Windows\system32\rsaenh.dll
0x000007fefb460000 - 0x000007fefb47e000 	C:\Windows\system32\USERENV.dll
0x000007fef9c40000 - 0x000007fef9c67000 	C:\Windows\system32\IPHLPAPI.DLL
0x000007fef9c30000 - 0x000007fef9c3b000 	C:\Windows\system32\WINNSI.DLL
0x000007fef9a30000 - 0x000007fef9a41000 	C:\Windows\system32\dhcpcsvc6.DLL
0x000007fef9a10000 - 0x000007fef9a28000 	C:\Windows\system32\dhcpcsvc.DLL
0x000007fefa310000 - 0x000007fefa325000 	C:\Windows\system32\NLAapi.dll
0x000007fefb7c0000 - 0x000007fefb81b000 	C:\Windows\system32\DNSAPI.dll
0x000007fef4fa0000 - 0x000007fef4fab000 	C:\Windows\System32\winrnr.dll
0x000007fef4f80000 - 0x000007fef4f95000 	C:\Windows\system32\napinsp.dll
0x000007fef4f60000 - 0x000007fef4f79000 	C:\Windows\system32\pnrpnsp.dll
0x000007fef4f50000 - 0x000007fef4f60000 	C:\Windows\system32\wshbth.dll
0x000007fefb350000 - 0x000007fefb357000 	C:\Windows\System32\wshtcpip.dll
0x000007fef8ff0000 - 0x000007fef8ff8000 	C:\Windows\system32\rasadhlp.dll
0x000007fef9ad0000 - 0x000007fef9b23000 	C:\Windows\System32\fwpuclnt.dll
0x00000000687d0000 - 0x00000000688a1000 	C:\Users\ELouanes\AppData\Local\Temp\javacpp12189800727906\msvcr100.dll
0x0000000067ac0000 - 0x0000000067b58000 	C:\Users\ELouanes\AppData\Local\Temp\javacpp12189800727906\msvcp100.dll
0x0000000066840000 - 0x00000000676b4000 	C:\Users\ELouanes\AppData\Local\Temp\javacpp12189800727906\opencv_ffmpeg248_64.dll
0x000007feeb010000 - 0x000007feeb282000 	C:\Users\ELouanes\AppData\Local\Temp\javacpp12189800727906\opencv_core248.dll
0x000007feead50000 - 0x000007feeb002000 	C:\Users\ELouanes\AppData\Local\Temp\javacpp12189800727906\opencv_imgproc248.dll
0x000007feeab00000 - 0x000007feead4d000 	C:\Users\ELouanes\AppData\Local\Temp\javacpp12189800727906\opencv_highgui248.dll
0x000007feeef30000 - 0x000007feeef4f000 	C:\Windows\system32\AVIFIL32.dll
0x000007fef5030000 - 0x000007fef5048000 	C:\Windows\system32\MSACM32.dll
0x000007feeef00000 - 0x000007feeef29000 	C:\Windows\system32\MSVFW32.dll
0x000007feeef50000 - 0x000007feeef67000 	C:\Windows\system32\AVICAP32.dll
0x000007feeeee0000 - 0x000007feeeef3000 	C:\Users\ELouanes\AppData\Local\Temp\javacpp12189800727906\jniopencv_highgui.dll
0x000007feeeea0000 - 0x000007feeeeb6000 	C:\Windows\system32\devenum.dll
0x000007fefa330000 - 0x000007fefa35d000 	C:\Windows\system32\ntmarta.dll
0x000007fefe080000 - 0x000007fefe0d0000 	C:\Windows\system32\WLDAP32.dll
0x000007fefc1e0000 - 0x000007fefc219000 	C:\Windows\system32\WINTRUST.dll
0x000007fefc370000 - 0x000007fefc4d6000 	C:\Windows\system32\CRYPT32.dll
0x000007fefc1b0000 - 0x000007fefc1bf000 	C:\Windows\system32\MSASN1.dll
0x000007fefaba0000 - 0x000007fefabad000 	C:\Windows\system32\msdmo.dll
0x000007feec910000 - 0x000007feec93f000 	C:\Windows\system32\qcap.dll
0x000007feeb4d0000 - 0x000007feeb682000 	C:\Windows\system32\quartz.dll
0x000007feec4e0000 - 0x000007feec521000 	C:\Windows\system32\ksproxy.ax
0x000000006ef20000 - 0x000000006ef26000 	C:\Windows\system32\ksuser.dll
0x000007feea900000 - 0x000007feeaaff000 	C:\Windows\system32\d3d9.dll
0x000007fefab80000 - 0x000007fefab87000 	C:\Windows\system32\d3d8thk.dll
0x000007fefa4a0000 - 0x000007fefa4ab000 	C:\Windows\system32\vidcap.ax
0x000007feee480000 - 0x000007feee4a4000 	C:\Windows\system32\kswdmcap.ax
0x000007feebb50000 - 0x000007feebcac000 	C:\Windows\system32\MFC42.dll
0x000007feebd90000 - 0x000007feebe3f000 	C:\Windows\system32\ODBC32.dll
0x0000000067a80000 - 0x0000000067ab8000 	C:\Windows\system32\odbcint.dll
0x000007feec2f0000 - 0x000007feec38b000 	C:\Windows\System32\qedit.dll
0x000007fefe0d0000 - 0x000007fefe168000 	C:\Windows\system32\COMDLG32.dll
0x000007fefa7d0000 - 0x000007fefa9e5000 	C:\Windows\WinSxS\amd64_microsoft.windows.gdiplus_6595b64144ccf1df_1.1.7600.16385_none_2b4f45e87195fcc4\gdiplus.dll
0x000007feee530000 - 0x000007feee621000 	C:\Windows\system32\DDRAW.dll
0x000007fef36f0000 - 0x000007fef36f8000 	C:\Windows\system32\DCIMAN32.dll
0x000007feea860000 - 0x000007feea8fa000 	C:\Users\ELouanes\AppData\Local\Temp\javacpp12189800727906\jniopencv_core.dll
0x000007fefa510000 - 0x000007fefa55b000 	C:\Windows\system32\MMDevAPI.DLL
0x000007fef50f0000 - 0x000007fef512b000 	C:\Windows\system32\wdmaud.drv
0x000007fefabc0000 - 0x000007fefabc9000 	C:\Windows\system32\AVRT.dll
0x000007fef50a0000 - 0x000007fef50ef000 	C:\Windows\system32\AUDIOSES.DLL
0x000007fef5050000 - 0x000007fef505a000 	C:\Windows\system32\msacm32.drv
0x000007fef4fe0000 - 0x000007fef4fe9000 	C:\Windows\system32\midimap.dll
0x000007feeeec0000 - 0x000007feeeed4000 	C:\Windows\system32\vfwwdm32.dll
0x000007feeed60000 - 0x000007feeed6b000 	C:\Windows\system32\msyuv.dll
0x000007feec790000 - 0x000007feec8b5000 	C:\Windows\system32\dbghelp.dll

VM Arguments:
jvm_args: -Dfile.encoding=UTF-8 
java_command: Main.Server
java_class_path (initial): C:\Users\ELouanes\Documents\NetBeansProjects\RMIServ\lib\ffmpeg-2.1.1-android-arm.jar;C:\Users\ELouanes\Documents\NetBeansProjects\RMIServ\lib\ffmpeg-2.1.1-linux-x86.jar;C:\Users\ELouanes\Documents\NetBeansProjects\RMIServ\lib\ffmpeg-2.1.1-linux-x86_64.jar;C:\Users\ELouanes\Documents\NetBeansProjects\RMIServ\lib\ffmpeg-2.1.1-macosx-x86_64.jar;C:\Users\ELouanes\Documents\NetBeansProjects\RMIServ\lib\ffmpeg-2.1.1-windows-x86.jar;C:\Users\ELouanes\Documents\NetBeansProjects\RMIServ\lib\ffmpeg-2.1.1-windows-x86_64.jar;C:\Users\ELouanes\Documents\NetBeansProjects\RMIServ\lib\javacpp.jar;C:\Users\ELouanes\Documents\NetBeansProjects\RMIServ\lib\javacv-android-arm.jar;C:\Users\ELouanes\Documents\NetBeansProjects\RMIServ\lib\javacv-linux-x86.jar;C:\Users\ELouanes\Documents\NetBeansProjects\RMIServ\lib\javacv-linux-x86_64.jar;C:\Users\ELouanes\Documents\NetBeansProjects\RMIServ\lib\javacv-macosx-x86_64.jar;C:\Users\ELouanes\Documents\NetBeansProjects\RMIServ\lib\javacv-windows-x86.jar;C:\Users\ELouanes\Documents\NetBeansProjects\RMIServ\lib\javacv-windows-x86_64.jar;C:\Users\ELouanes\Documents\NetBeansProjects\RMIServ\lib\javacv.jar;C:\Users\ELouanes\Documents\NetBeansProjects\RMIServ\lib\opencv-2.4.8-android-arm.jar;C:\Users\ELouanes\Documents\NetBeansProjects\RMIServ\lib\opencv-2.4.8-linux-x86.jar;C:\Users\ELouanes\Documents\NetBeansProjects\RMIServ\lib\opencv-2.4.8-linux-x86_64.jar;C:\Users\ELouanes\Documents\NetBeansProjects\RMIServ\lib\opencv-2.4.8-macosx-x86_64.jar;C:\Users\ELouanes\Documents\NetBeansProjects\RMIServ\lib\opencv-2.4.8-windows-x86.jar;C:\Users\ELouanes\Documents\NetBeansProjects\RMIServ\lib\opencv-2.4.8-windows-x86_64.jar;C:\Users\ELouanes\Documents\NetBeansProjects\RMIServ\build\classes
Launcher Type: SUN_STANDARD

Environment Variables:
PATH=C:\Program Files (x86)\EasyPHP-DevServer-14.1VC9\binaries\php\php_runningversion;C:\Python34\;C:\Python34\Scripts;C:\ProgramData\Oracle\Java\javapath;C:\Program Files (x86)\Intel\iCLS Client\;C:\Program Files\Intel\iCLS Client\;C:\Windows\system32;C:\Windows;C:\Windows\System32\Wbem;C:\Windows\System32\WindowsPowerShell\v1.0\;C:\Program Files\Intel\Intel(R) Management Engine Components\DAL;C:\Program Files\Intel\Intel(R) Management Engine Components\IPT;C:\Program Files (x86)\Intel\Intel(R) Management Engine Components\DAL;C:\Program Files (x86)\Intel\Intel(R) Management Engine Components\IPT;C:\Program Files (x86)\Common Files\lenovo\easyplussdk\bin;c:\Program Files (x86)\Microsoft SQL Server\90\Tools\binn\
USERNAME=ELouanes
OS=Windows_NT
PROCESSOR_IDENTIFIER=Intel64 Family 6 Model 58 Stepping 9, GenuineIntel



---------------  S Y S T E M  ---------------

OS: Windows 7 , 64 bit Build 7600 (6.1.7600.16385)

CPU:total 4 (2 cores per cpu, 2 threads per core) family 6 model 58 stepping 9, cmov, cx8, fxsr, mmx, sse, sse2, sse3, ssse3, sse4.1, sse4.2, popcnt, clmul, erms, ht, tsc, tscinvbit, tscinv

Memory: 4k page, physical 4066664k(1408132k free), swap 8131432k(4993316k free)

vm_info: Java HotSpot(TM) 64-Bit Server VM (25.51-b03) for windows-amd64 JRE (1.8.0_51-b16), built on Jun  8 2015 18:03:07 by "java_re" with MS VC++ 10.0 (VS2010)

time: Tue Mar 15 19:25:02 2016
elapsed time: 22 seconds (0d 0h 0m 22s)

